0 info it worked if it ends with ok
1 verbose cli [ 'C:\\Program Files\\nodejs\\node.exe',
1 verbose cli   'C:\\Program Files\\nodejs\\node_modules\\npm\\bin\\npm-cli.js',
1 verbose cli   'install',
1 verbose cli   'node-dht-sensor',
1 verbose cli   '--save' ]
2 info using npm@3.10.10
3 info using node@v6.11.3
4 silly loadCurrentTree Starting
5 silly install loadCurrentTree
6 silly install readLocalPackageData
7 silly fetchPackageMetaData node-dht-sensor
8 silly fetchNamedPackageData node-dht-sensor
9 silly mapToRegistry name node-dht-sensor
10 silly mapToRegistry using default registry
11 silly mapToRegistry registry https://registry.npmjs.org/
12 silly mapToRegistry data Result {
12 silly mapToRegistry   raw: 'node-dht-sensor',
12 silly mapToRegistry   scope: null,
12 silly mapToRegistry   escapedName: 'node-dht-sensor',
12 silly mapToRegistry   name: 'node-dht-sensor',
12 silly mapToRegistry   rawSpec: '',
12 silly mapToRegistry   spec: 'latest',
12 silly mapToRegistry   type: 'tag' }
13 silly mapToRegistry uri https://registry.npmjs.org/node-dht-sensor
14 verbose request uri https://registry.npmjs.org/node-dht-sensor
15 verbose request no auth needed
16 info attempt registry request try #1 at 14:39:04
17 verbose request id 22eddde5185a6758
18 verbose etag W/"59960d27-8be4"
19 verbose lastModified Thu, 17 Aug 2017 21:39:51 GMT
20 http request GET https://registry.npmjs.org/node-dht-sensor
21 http 304 https://registry.npmjs.org/node-dht-sensor
22 verbose headers { date: 'Thu, 21 Sep 2017 12:45:50 GMT',
22 verbose headers   via: '1.1 varnish',
22 verbose headers   'cache-control': 'max-age=300',
22 verbose headers   etag: 'W/"59960d27-8be4"',
22 verbose headers   age: '0',
22 verbose headers   connection: 'keep-alive',
22 verbose headers   'x-served-by': 'cache-bma7020-BMA',
22 verbose headers   'x-cache': 'MISS',
22 verbose headers   'x-cache-hits': '0',
22 verbose headers   'x-timer': 'S1505997950.244418,VS0,VE24',
22 verbose headers   vary: 'Accept-Encoding, Accept' }
23 silly get cb [ 304,
23 silly get   { date: 'Thu, 21 Sep 2017 12:45:50 GMT',
23 silly get     via: '1.1 varnish',
23 silly get     'cache-control': 'max-age=300',
23 silly get     etag: 'W/"59960d27-8be4"',
23 silly get     age: '0',
23 silly get     connection: 'keep-alive',
23 silly get     'x-served-by': 'cache-bma7020-BMA',
23 silly get     'x-cache': 'MISS',
23 silly get     'x-cache-hits': '0',
23 silly get     'x-timer': 'S1505997950.244418,VS0,VE24',
23 silly get     vary: 'Accept-Encoding, Accept' } ]
24 verbose etag https://registry.npmjs.org/node-dht-sensor from cache
25 verbose get saving node-dht-sensor to C:\Users\Nicolai\AppData\Roaming\npm-cache\registry.npmjs.org\node-dht-sensor\.cache.json
26 verbose correctMkdir C:\Users\Nicolai\AppData\Roaming\npm-cache correctMkdir not in flight; initializing
27 silly install normalizeTree
28 silly loadCurrentTree Finishing
29 silly loadIdealTree Starting
30 silly install loadIdealTree
31 silly cloneCurrentTree Starting
32 silly install cloneCurrentTreeToIdealTree
33 silly cloneCurrentTree Finishing
34 silly loadShrinkwrap Starting
35 silly install loadShrinkwrap
36 silly loadShrinkwrap Finishing
37 silly loadAllDepsIntoIdealTree Starting
38 silly install loadAllDepsIntoIdealTree
39 silly resolveWithNewModule node-dht-sensor@0.0.32 checking installable status
40 silly cache add args [ 'node-dht-sensor', null ]
41 verbose cache add spec node-dht-sensor
42 silly cache add parsed spec Result {
42 silly cache add   raw: 'node-dht-sensor',
42 silly cache add   scope: null,
42 silly cache add   escapedName: 'node-dht-sensor',
42 silly cache add   name: 'node-dht-sensor',
42 silly cache add   rawSpec: '',
42 silly cache add   spec: 'latest',
42 silly cache add   type: 'tag' }
43 silly addNamed node-dht-sensor@latest
44 verbose addNamed "latest" is being treated as a dist-tag for node-dht-sensor
45 info addNameTag [ 'node-dht-sensor', 'latest' ]
46 silly mapToRegistry name node-dht-sensor
47 silly mapToRegistry using default registry
48 silly mapToRegistry registry https://registry.npmjs.org/
49 silly mapToRegistry data Result {
49 silly mapToRegistry   raw: 'node-dht-sensor',
49 silly mapToRegistry   scope: null,
49 silly mapToRegistry   escapedName: 'node-dht-sensor',
49 silly mapToRegistry   name: 'node-dht-sensor',
49 silly mapToRegistry   rawSpec: '',
49 silly mapToRegistry   spec: 'latest',
49 silly mapToRegistry   type: 'tag' }
50 silly mapToRegistry uri https://registry.npmjs.org/node-dht-sensor
51 verbose addNameTag registry:https://registry.npmjs.org/node-dht-sensor not in flight; fetching
52 verbose get https://registry.npmjs.org/node-dht-sensor not expired, no request
53 silly addNameTag next cb for node-dht-sensor with tag latest
54 silly addNamed node-dht-sensor@0.0.32
55 verbose addNamed "0.0.32" is a plain semver version for node-dht-sensor
56 silly cache afterAdd node-dht-sensor@0.0.32
57 verbose afterAdd C:\Users\Nicolai\AppData\Roaming\npm-cache\node-dht-sensor\0.0.32\package\package.json not in flight; writing
58 verbose correctMkdir C:\Users\Nicolai\AppData\Roaming\npm-cache correctMkdir not in flight; initializing
59 verbose afterAdd C:\Users\Nicolai\AppData\Roaming\npm-cache\node-dht-sensor\0.0.32\package\package.json written
60 silly fetchNamedPackageData nan
61 silly mapToRegistry name nan
62 silly mapToRegistry using default registry
63 silly mapToRegistry registry https://registry.npmjs.org/
64 silly mapToRegistry data Result {
64 silly mapToRegistry   raw: 'nan',
64 silly mapToRegistry   scope: null,
64 silly mapToRegistry   escapedName: 'nan',
64 silly mapToRegistry   name: 'nan',
64 silly mapToRegistry   rawSpec: '',
64 silly mapToRegistry   spec: 'latest',
64 silly mapToRegistry   type: 'tag' }
65 silly mapToRegistry uri https://registry.npmjs.org/nan
66 verbose request uri https://registry.npmjs.org/nan
67 verbose request no auth needed
68 info attempt registry request try #1 at 14:39:04
69 verbose etag W/"59c33594-20237"
70 verbose lastModified Thu, 21 Sep 2017 03:44:20 GMT
71 http request GET https://registry.npmjs.org/nan
72 http 304 https://registry.npmjs.org/nan
73 verbose headers { date: 'Thu, 21 Sep 2017 12:45:50 GMT',
73 verbose headers   via: '1.1 varnish',
73 verbose headers   'cache-control': 'max-age=300',
73 verbose headers   etag: 'W/"59c33594-20237"',
73 verbose headers   age: '207',
73 verbose headers   connection: 'keep-alive',
73 verbose headers   'x-served-by': 'cache-bma7020-BMA',
73 verbose headers   'x-cache': 'HIT',
73 verbose headers   'x-cache-hits': '93',
73 verbose headers   'x-timer': 'S1505997951.535390,VS0,VE0',
73 verbose headers   vary: 'Accept-Encoding, Accept' }
74 silly get cb [ 304,
74 silly get   { date: 'Thu, 21 Sep 2017 12:45:50 GMT',
74 silly get     via: '1.1 varnish',
74 silly get     'cache-control': 'max-age=300',
74 silly get     etag: 'W/"59c33594-20237"',
74 silly get     age: '207',
74 silly get     connection: 'keep-alive',
74 silly get     'x-served-by': 'cache-bma7020-BMA',
74 silly get     'x-cache': 'HIT',
74 silly get     'x-cache-hits': '93',
74 silly get     'x-timer': 'S1505997951.535390,VS0,VE0',
74 silly get     vary: 'Accept-Encoding, Accept' } ]
75 verbose etag https://registry.npmjs.org/nan from cache
76 verbose get saving nan to C:\Users\Nicolai\AppData\Roaming\npm-cache\registry.npmjs.org\nan\.cache.json
77 verbose correctMkdir C:\Users\Nicolai\AppData\Roaming\npm-cache correctMkdir not in flight; initializing
78 silly resolveWithNewModule nan@2.7.0 checking installable status
79 silly cache add args [ 'nan@^2.4.0', null ]
80 verbose cache add spec nan@^2.4.0
81 silly cache add parsed spec Result {
81 silly cache add   raw: 'nan@^2.4.0',
81 silly cache add   scope: null,
81 silly cache add   escapedName: 'nan',
81 silly cache add   name: 'nan',
81 silly cache add   rawSpec: '^2.4.0',
81 silly cache add   spec: '>=2.4.0 <3.0.0',
81 silly cache add   type: 'range' }
82 silly addNamed nan@>=2.4.0 <3.0.0
83 verbose addNamed ">=2.4.0 <3.0.0" is a valid semver range for nan
84 silly addNameRange { name: 'nan', range: '>=2.4.0 <3.0.0', hasData: false }
85 silly mapToRegistry name nan
86 silly mapToRegistry using default registry
87 silly mapToRegistry registry https://registry.npmjs.org/
88 silly mapToRegistry data Result {
88 silly mapToRegistry   raw: 'nan',
88 silly mapToRegistry   scope: null,
88 silly mapToRegistry   escapedName: 'nan',
88 silly mapToRegistry   name: 'nan',
88 silly mapToRegistry   rawSpec: '',
88 silly mapToRegistry   spec: 'latest',
88 silly mapToRegistry   type: 'tag' }
89 silly mapToRegistry uri https://registry.npmjs.org/nan
90 verbose addNameRange registry:https://registry.npmjs.org/nan not in flight; fetching
91 verbose get https://registry.npmjs.org/nan not expired, no request
92 silly addNameRange number 2 { name: 'nan', range: '>=2.4.0 <3.0.0', hasData: true }
93 silly addNameRange versions [ 'nan',
93 silly addNameRange   [ '0.3.0-wip',
93 silly addNameRange     '0.3.0-wip2',
93 silly addNameRange     '0.3.0',
93 silly addNameRange     '0.3.1',
93 silly addNameRange     '0.3.2',
93 silly addNameRange     '0.4.0',
93 silly addNameRange     '0.4.1',
93 silly addNameRange     '0.4.2',
93 silly addNameRange     '0.4.3',
93 silly addNameRange     '0.4.4',
93 silly addNameRange     '0.5.0',
93 silly addNameRange     '0.5.1',
93 silly addNameRange     '0.5.2',
93 silly addNameRange     '0.6.0',
93 silly addNameRange     '0.7.0',
93 silly addNameRange     '0.7.1',
93 silly addNameRange     '0.8.0',
93 silly addNameRange     '1.0.0',
93 silly addNameRange     '1.1.0',
93 silly addNameRange     '1.1.1',
93 silly addNameRange     '1.1.2',
93 silly addNameRange     '1.2.0',
93 silly addNameRange     '1.3.0',
93 silly addNameRange     '1.4.0',
93 silly addNameRange     '1.4.1',
93 silly addNameRange     '1.5.0',
93 silly addNameRange     '1.4.2',
93 silly addNameRange     '1.4.3',
93 silly addNameRange     '1.5.1',
93 silly addNameRange     '1.5.2',
93 silly addNameRange     '1.6.0',
93 silly addNameRange     '1.5.3',
93 silly addNameRange     '1.6.1',
93 silly addNameRange     '1.6.2',
93 silly addNameRange     '1.7.0',
93 silly addNameRange     '1.8.0',
93 silly addNameRange     '1.8.1',
93 silly addNameRange     '1.8.2',
93 silly addNameRange     '1.8.3',
93 silly addNameRange     '1.8.4',
93 silly addNameRange     '1.9.0',
93 silly addNameRange     '2.0.0',
93 silly addNameRange     '2.0.1',
93 silly addNameRange     '2.0.2',
93 silly addNameRange     '2.0.3',
93 silly addNameRange     '2.0.4',
93 silly addNameRange     '2.0.5',
93 silly addNameRange     '2.0.6',
93 silly addNameRange     '2.0.7',
93 silly addNameRange     '2.0.8',
93 silly addNameRange     '2.0.9',
93 silly addNameRange     '2.1.0',
93 silly addNameRange     '2.2.0',
93 silly addNameRange     '2.2.1',
93 silly addNameRange     '2.3.0',
93 silly addNameRange     '2.3.1',
93 silly addNameRange     '2.3.2',
93 silly addNameRange     '2.3.3',
93 silly addNameRange     '2.3.4',
93 silly addNameRange     '2.3.5',
93 silly addNameRange     '2.4.0',
93 silly addNameRange     '2.5.0',
93 silly addNameRange     '2.5.1',
93 silly addNameRange     '2.6.0',
93 silly addNameRange     '2.6.1',
93 silly addNameRange     '2.6.2',
93 silly addNameRange     '2.7.0' ] ]
94 silly addNamed nan@2.7.0
95 verbose addNamed "2.7.0" is a plain semver version for nan
96 silly cache afterAdd nan@2.7.0
97 verbose afterAdd C:\Users\Nicolai\AppData\Roaming\npm-cache\nan\2.7.0\package\package.json not in flight; writing
98 verbose correctMkdir C:\Users\Nicolai\AppData\Roaming\npm-cache correctMkdir not in flight; initializing
99 verbose afterAdd C:\Users\Nicolai\AppData\Roaming\npm-cache\nan\2.7.0\package\package.json written
100 silly loadAllDepsIntoIdealTree Finishing
101 silly loadIdealTree Finishing
102 silly currentTree iotrasp@1.0.0
102 silly currentTree +-- accepts@1.3.4
102 silly currentTree +-- array-flatten@1.1.1
102 silly currentTree +-- content-disposition@0.5.2
102 silly currentTree +-- content-type@1.0.4
102 silly currentTree +-- cookie-signature@1.0.6
102 silly currentTree +-- cookie@0.3.1
102 silly currentTree +-- cors@2.8.4
102 silly currentTree +-- debug@2.6.8
102 silly currentTree +-- depd@1.1.1
102 silly currentTree +-- destroy@1.0.4
102 silly currentTree +-- ee-first@1.1.1
102 silly currentTree +-- encodeurl@1.0.1
102 silly currentTree +-- escape-html@1.0.3
102 silly currentTree +-- etag@1.8.1
102 silly currentTree +-- express@4.15.4
102 silly currentTree +-- finalhandler@1.0.5
102 silly currentTree +-- forwarded@0.1.2
102 silly currentTree +-- fresh@0.5.0
102 silly currentTree +-- http-errors@1.6.2
102 silly currentTree +-- inherits@2.0.3
102 silly currentTree +-- ipaddr.js@1.4.0
102 silly currentTree +-- media-typer@0.3.0
102 silly currentTree +-- merge-descriptors@1.0.1
102 silly currentTree +-- methods@1.1.2
102 silly currentTree +-- mime-db@1.30.0
102 silly currentTree +-- mime-types@2.1.17
102 silly currentTree +-- mime@1.3.4
102 silly currentTree +-- ms@2.0.0
102 silly currentTree +-- negotiator@0.6.1
102 silly currentTree +-- object-assign@4.1.1
102 silly currentTree +-- on-finished@2.3.0
102 silly currentTree +-- parseurl@1.3.2
102 silly currentTree +-- path-to-regexp@0.1.7
102 silly currentTree +-- proxy-addr@1.1.5
102 silly currentTree +-- qs@6.5.0
102 silly currentTree +-- range-parser@1.2.0
102 silly currentTree +-- send@0.15.4
102 silly currentTree +-- serve-static@1.12.4
102 silly currentTree +-- setprototypeof@1.0.3
102 silly currentTree +-- statuses@1.3.1
102 silly currentTree +-- type-is@1.6.15
102 silly currentTree +-- unpipe@1.0.0
102 silly currentTree +-- utils-merge@1.0.0
102 silly currentTree `-- vary@1.1.1
103 silly idealTree iotrasp@1.0.0
103 silly idealTree +-- accepts@1.3.4
103 silly idealTree +-- array-flatten@1.1.1
103 silly idealTree +-- content-disposition@0.5.2
103 silly idealTree +-- content-type@1.0.4
103 silly idealTree +-- cookie-signature@1.0.6
103 silly idealTree +-- cookie@0.3.1
103 silly idealTree +-- cors@2.8.4
103 silly idealTree +-- debug@2.6.8
103 silly idealTree +-- depd@1.1.1
103 silly idealTree +-- destroy@1.0.4
103 silly idealTree +-- ee-first@1.1.1
103 silly idealTree +-- encodeurl@1.0.1
103 silly idealTree +-- escape-html@1.0.3
103 silly idealTree +-- etag@1.8.1
103 silly idealTree +-- express@4.15.4
103 silly idealTree +-- finalhandler@1.0.5
103 silly idealTree +-- forwarded@0.1.2
103 silly idealTree +-- fresh@0.5.0
103 silly idealTree +-- http-errors@1.6.2
103 silly idealTree +-- inherits@2.0.3
103 silly idealTree +-- ipaddr.js@1.4.0
103 silly idealTree +-- media-typer@0.3.0
103 silly idealTree +-- merge-descriptors@1.0.1
103 silly idealTree +-- methods@1.1.2
103 silly idealTree +-- mime-db@1.30.0
103 silly idealTree +-- mime-types@2.1.17
103 silly idealTree +-- mime@1.3.4
103 silly idealTree +-- ms@2.0.0
103 silly idealTree +-- nan@2.7.0
103 silly idealTree +-- negotiator@0.6.1
103 silly idealTree +-- node-dht-sensor@0.0.32
103 silly idealTree +-- object-assign@4.1.1
103 silly idealTree +-- on-finished@2.3.0
103 silly idealTree +-- parseurl@1.3.2
103 silly idealTree +-- path-to-regexp@0.1.7
103 silly idealTree +-- proxy-addr@1.1.5
103 silly idealTree +-- qs@6.5.0
103 silly idealTree +-- range-parser@1.2.0
103 silly idealTree +-- send@0.15.4
103 silly idealTree +-- serve-static@1.12.4
103 silly idealTree +-- setprototypeof@1.0.3
103 silly idealTree +-- statuses@1.3.1
103 silly idealTree +-- type-is@1.6.15
103 silly idealTree +-- unpipe@1.0.0
103 silly idealTree +-- utils-merge@1.0.0
103 silly idealTree `-- vary@1.1.1
104 silly generateActionsToTake Starting
105 silly install generateActionsToTake
106 silly generateActionsToTake Finishing
107 silly diffTrees action count 2
108 silly diffTrees add nan@2.7.0
109 silly diffTrees add node-dht-sensor@0.0.32
110 silly decomposeActions action count 16
111 silly decomposeActions fetch nan@2.7.0
112 silly decomposeActions extract nan@2.7.0
113 silly decomposeActions test nan@2.7.0
114 silly decomposeActions preinstall nan@2.7.0
115 silly decomposeActions build nan@2.7.0
116 silly decomposeActions install nan@2.7.0
117 silly decomposeActions postinstall nan@2.7.0
118 silly decomposeActions finalize nan@2.7.0
119 silly decomposeActions fetch node-dht-sensor@0.0.32
120 silly decomposeActions extract node-dht-sensor@0.0.32
121 silly decomposeActions test node-dht-sensor@0.0.32
122 silly decomposeActions preinstall node-dht-sensor@0.0.32
123 silly decomposeActions build node-dht-sensor@0.0.32
124 silly decomposeActions install node-dht-sensor@0.0.32
125 silly decomposeActions postinstall node-dht-sensor@0.0.32
126 silly decomposeActions finalize node-dht-sensor@0.0.32
127 silly runTopLevelLifecycles Starting
128 silly executeActions Starting
129 silly install executeActions
130 silly doSerial global-install 0
131 silly doParallel fetch 2
132 verbose correctMkdir C:\Users\Nicolai\AppData\Roaming\npm-cache\_locks correctMkdir not in flight; initializing
133 verbose lock using C:\Users\Nicolai\AppData\Roaming\npm-cache\_locks\staging-9369e6097d79b91f.lock for C:\Users\Nicolai\Dokumenter\iotrasp\node_modules\.staging
134 silly doParallel extract 2
135 silly extract nan@2.7.0
136 silly extract node-dht-sensor@0.0.32
137 verbose unbuild node_modules\.staging\node-dht-sensor-d180860d
138 silly gentlyRm C:\Users\Nicolai\Dokumenter\iotrasp\node_modules\.staging\node-dht-sensor-d180860d is being purged from base C:\Users\Nicolai\Dokumenter\iotrasp
139 verbose gentlyRm don't care about contents; nuking C:\Users\Nicolai\Dokumenter\iotrasp\node_modules\.staging\node-dht-sensor-d180860d
140 verbose tar unpack C:\Users\Nicolai\AppData\Roaming\npm-cache\node-dht-sensor\0.0.32\package.tgz
141 verbose tar unpacking to C:\Users\Nicolai\Dokumenter\iotrasp\node_modules\.staging\node-dht-sensor-d180860d
142 silly gentlyRm C:\Users\Nicolai\Dokumenter\iotrasp\node_modules\.staging\node-dht-sensor-d180860d is being purged
143 verbose gentlyRm don't care about contents; nuking C:\Users\Nicolai\Dokumenter\iotrasp\node_modules\.staging\node-dht-sensor-d180860d
144 silly gunzTarPerm modes [ '777', '666' ]
145 verbose unbuild node_modules\.staging\nan-f274b9e2
146 silly gunzTarPerm extractEntry package.json
147 silly gunzTarPerm modified mode [ 'package.json', 448, 502 ]
148 silly gentlyRm C:\Users\Nicolai\Dokumenter\iotrasp\node_modules\.staging\nan-f274b9e2 is being purged from base C:\Users\Nicolai\Dokumenter\iotrasp
149 verbose gentlyRm don't care about contents; nuking C:\Users\Nicolai\Dokumenter\iotrasp\node_modules\.staging\nan-f274b9e2
150 verbose tar unpack C:\Users\Nicolai\AppData\Roaming\npm-cache\nan\2.7.0\package.tgz
151 verbose tar unpacking to C:\Users\Nicolai\Dokumenter\iotrasp\node_modules\.staging\nan-f274b9e2
152 silly gentlyRm C:\Users\Nicolai\Dokumenter\iotrasp\node_modules\.staging\nan-f274b9e2 is being purged
153 verbose gentlyRm don't care about contents; nuking C:\Users\Nicolai\Dokumenter\iotrasp\node_modules\.staging\nan-f274b9e2
154 silly gunzTarPerm modes [ '777', '666' ]
155 silly gunzTarPerm extractEntry .npmignore
156 silly gunzTarPerm modified mode [ '.npmignore', 420, 438 ]
157 silly gunzTarPerm extractEntry README.md
158 silly gunzTarPerm modified mode [ 'README.md', 493, 511 ]
159 silly gunzTarPerm extractEntry package.json
160 silly gunzTarPerm modified mode [ 'package.json', 436, 438 ]
161 silly gunzTarPerm extractEntry README.md
162 silly gunzTarPerm modified mode [ 'README.md', 436, 438 ]
163 silly gunzTarPerm extractEntry include_dirs.js
164 silly gunzTarPerm modified mode [ 'include_dirs.js', 436, 438 ]
165 silly gunzTarPerm extractEntry LICENSE
166 silly gunzTarPerm modified mode [ 'LICENSE', 420, 438 ]
167 silly gunzTarPerm extractEntry check-lib.sh
168 silly gunzTarPerm modified mode [ 'check-lib.sh', 493, 511 ]
169 silly gunzTarPerm extractEntry nan_converters_43_inl.h
170 silly gunzTarPerm modified mode [ 'nan_converters_43_inl.h', 436, 438 ]
171 silly gunzTarPerm extractEntry LICENSE.md
172 silly gunzTarPerm modified mode [ 'LICENSE.md', 436, 438 ]
173 silly gunzTarPerm extractEntry doc/new.md
174 silly gunzTarPerm modified mode [ 'doc/new.md', 436, 438 ]
175 silly gunzTarPerm extractEntry dht-sensor.cpp
176 silly gunzTarPerm modified mode [ 'dht-sensor.cpp', 448, 502 ]
177 silly gunzTarPerm extractEntry doc/asyncworker.md
178 silly gunzTarPerm modified mode [ 'doc/asyncworker.md', 436, 438 ]
179 silly gunzTarPerm extractEntry doc/callback.md
180 silly gunzTarPerm modified mode [ 'doc/callback.md', 436, 438 ]
181 silly gunzTarPerm extractEntry doc/converters.md
182 silly gunzTarPerm modified mode [ 'doc/converters.md', 436, 438 ]
183 silly gunzTarPerm extractEntry dht-sensor.h
184 silly gunzTarPerm modified mode [ 'dht-sensor.h', 493, 511 ]
185 silly gunzTarPerm extractEntry node-dht-sensor.cpp
186 silly gunzTarPerm modified mode [ 'node-dht-sensor.cpp', 493, 511 ]
187 silly gunzTarPerm extractEntry binding.gyp
188 silly gunzTarPerm modified mode [ 'binding.gyp', 493, 511 ]
189 silly gunzTarPerm extractEntry test/async-explicit.js
190 silly gunzTarPerm modified mode [ 'test/async-explicit.js', 493, 511 ]
191 silly gunzTarPerm extractEntry test/duty.js
192 silly gunzTarPerm modified mode [ 'test/duty.js', 493, 511 ]
193 silly gunzTarPerm extractEntry test/sync-explicit.js
194 silly gunzTarPerm modified mode [ 'test/sync-explicit.js', 493, 511 ]
195 silly gunzTarPerm extractEntry test/sync-implicit.js
196 silly gunzTarPerm modified mode [ 'test/sync-implicit.js', 493, 511 ]
197 silly gunzTarPerm extractEntry doc/errors.md
198 silly gunzTarPerm modified mode [ 'doc/errors.md', 436, 438 ]
199 silly gunzTarPerm extractEntry doc/json.md
200 silly gunzTarPerm modified mode [ 'doc/json.md', 436, 438 ]
201 silly gunzTarPerm extractEntry doc/maybe_types.md
202 silly gunzTarPerm modified mode [ 'doc/maybe_types.md', 436, 438 ]
203 silly gunzTarPerm extractEntry doc/methods.md
204 silly gunzTarPerm modified mode [ 'doc/methods.md', 436, 438 ]
205 silly gunzTarPerm extractEntry doc/buffers.md
206 silly gunzTarPerm modified mode [ 'doc/buffers.md', 436, 438 ]
207 silly gunzTarPerm extractEntry doc/node_misc.md
208 silly gunzTarPerm modified mode [ 'doc/node_misc.md', 436, 438 ]
209 silly gunzTarPerm extractEntry doc/object_wrappers.md
210 silly gunzTarPerm modified mode [ 'doc/object_wrappers.md', 436, 438 ]
211 silly gunzTarPerm extractEntry doc/persistent.md
212 silly gunzTarPerm modified mode [ 'doc/persistent.md', 436, 438 ]
213 silly gunzTarPerm extractEntry doc/scopes.md
214 silly gunzTarPerm modified mode [ 'doc/scopes.md', 436, 438 ]
215 silly gunzTarPerm extractEntry doc/script.md
216 silly gunzTarPerm modified mode [ 'doc/script.md', 436, 438 ]
217 silly gunzTarPerm extractEntry doc/string_bytes.md
218 silly gunzTarPerm modified mode [ 'doc/string_bytes.md', 436, 438 ]
219 silly gunzTarPerm extractEntry doc/v8_internals.md
220 silly gunzTarPerm modified mode [ 'doc/v8_internals.md', 436, 438 ]
221 silly gentlyRm C:\Users\Nicolai\Dokumenter\iotrasp\node_modules\.staging\node-dht-sensor-d180860d\node_modules is being purged
222 verbose gentlyRm don't care about contents; nuking C:\Users\Nicolai\Dokumenter\iotrasp\node_modules\.staging\node-dht-sensor-d180860d\node_modules
223 silly gunzTarPerm extractEntry doc/v8_misc.md
224 silly gunzTarPerm modified mode [ 'doc/v8_misc.md', 436, 438 ]
225 silly gunzTarPerm extractEntry nan.h
226 silly gunzTarPerm modified mode [ 'nan.h', 436, 438 ]
227 silly gunzTarPerm extractEntry nan_callbacks.h
228 silly gunzTarPerm modified mode [ 'nan_callbacks.h', 436, 438 ]
229 silly gunzTarPerm extractEntry nan_callbacks_12_inl.h
230 silly gunzTarPerm modified mode [ 'nan_callbacks_12_inl.h', 436, 438 ]
231 silly gunzTarPerm extractEntry nan_callbacks_pre_12_inl.h
232 silly gunzTarPerm modified mode [ 'nan_callbacks_pre_12_inl.h', 436, 438 ]
233 silly gunzTarPerm extractEntry nan_converters.h
234 silly gunzTarPerm modified mode [ 'nan_converters.h', 436, 438 ]
235 silly gunzTarPerm extractEntry nan_converters_pre_43_inl.h
236 silly gunzTarPerm modified mode [ 'nan_converters_pre_43_inl.h', 436, 438 ]
237 silly gunzTarPerm extractEntry nan_implementation_12_inl.h
238 silly gunzTarPerm modified mode [ 'nan_implementation_12_inl.h', 436, 438 ]
239 silly gunzTarPerm extractEntry nan_implementation_pre_12_inl.h
240 silly gunzTarPerm modified mode [ 'nan_implementation_pre_12_inl.h', 436, 438 ]
241 silly gunzTarPerm extractEntry nan_json.h
242 silly gunzTarPerm modified mode [ 'nan_json.h', 436, 438 ]
243 silly gunzTarPerm extractEntry nan_maybe_43_inl.h
244 silly gunzTarPerm modified mode [ 'nan_maybe_43_inl.h', 436, 438 ]
245 silly gunzTarPerm extractEntry nan_maybe_pre_43_inl.h
246 silly gunzTarPerm modified mode [ 'nan_maybe_pre_43_inl.h', 436, 438 ]
247 silly gunzTarPerm extractEntry nan_new.h
248 silly gunzTarPerm modified mode [ 'nan_new.h', 436, 438 ]
249 silly gunzTarPerm extractEntry nan_object_wrap.h
250 silly gunzTarPerm modified mode [ 'nan_object_wrap.h', 436, 438 ]
251 silly gunzTarPerm extractEntry nan_persistent_12_inl.h
252 silly gunzTarPerm modified mode [ 'nan_persistent_12_inl.h', 436, 438 ]
253 silly gunzTarPerm extractEntry nan_persistent_pre_12_inl.h
254 silly gunzTarPerm modified mode [ 'nan_persistent_pre_12_inl.h', 436, 438 ]
255 silly gunzTarPerm extractEntry nan_private.h
256 silly gunzTarPerm modified mode [ 'nan_private.h', 436, 438 ]
257 silly gunzTarPerm extractEntry nan_string_bytes.h
258 silly gunzTarPerm modified mode [ 'nan_string_bytes.h', 436, 438 ]
259 silly gunzTarPerm extractEntry nan_typedarray_contents.h
260 silly gunzTarPerm modified mode [ 'nan_typedarray_contents.h', 436, 438 ]
261 silly gunzTarPerm extractEntry nan_weak.h
262 silly gunzTarPerm modified mode [ 'nan_weak.h', 436, 438 ]
263 silly gunzTarPerm extractEntry CHANGELOG.md
264 silly gunzTarPerm modified mode [ 'CHANGELOG.md', 436, 438 ]
265 silly gunzTarPerm extractEntry tools/package.json
266 silly gunzTarPerm modified mode [ 'tools/package.json', 436, 438 ]
267 silly gunzTarPerm extractEntry tools/README.md
268 silly gunzTarPerm modified mode [ 'tools/README.md', 436, 438 ]
269 silly gunzTarPerm extractEntry tools/1to2.js
270 silly gunzTarPerm modified mode [ 'tools/1to2.js', 509, 511 ]
271 silly gentlyRm C:\Users\Nicolai\Dokumenter\iotrasp\node_modules\.staging\nan-f274b9e2\node_modules is being purged
272 verbose gentlyRm don't care about contents; nuking C:\Users\Nicolai\Dokumenter\iotrasp\node_modules\.staging\nan-f274b9e2\node_modules
273 silly doParallel preinstall 2
274 silly preinstall nan@2.7.0 C:\Users\Nicolai\Dokumenter\iotrasp\node_modules\.staging\nan-f274b9e2
275 info lifecycle nan@2.7.0~preinstall: nan@2.7.0
276 silly preinstall node-dht-sensor@0.0.32 C:\Users\Nicolai\Dokumenter\iotrasp\node_modules\.staging\node-dht-sensor-d180860d
277 info lifecycle node-dht-sensor@0.0.32~preinstall: node-dht-sensor@0.0.32
278 silly lifecycle nan@2.7.0~preinstall: no script for preinstall, continuing
279 verbose lifecycle node-dht-sensor@0.0.32~preinstall: unsafe-perm in lifecycle true
280 verbose lifecycle node-dht-sensor@0.0.32~preinstall: PATH: C:\Program Files\nodejs\node_modules\npm\bin\node-gyp-bin;C:\Users\Nicolai\Dokumenter\iotrasp\node_modules\.staging\node-dht-sensor-d180860d\node_modules\.bin;C:\Users\Nicolai\Dokumenter\iotrasp\node_modules\.bin;C:\ProgramData\Oracle\Java\javapath;C:\Program Files (x86)\Lenovo\FusionEngine;C:\Program Files (x86)\Intel\iCLS Client\;C:\Program Files\Intel\iCLS Client\;C:\windows\system32;C:\windows;C:\windows\System32\Wbem;C:\windows\System32\WindowsPowerShell\v1.0\;C:\Program Files\Intel\Intel(R) Management Engine Components\DAL;C:\Program Files\Intel\Intel(R) Management Engine Components\IPT;C:\Program Files (x86)\Intel\Intel(R) Management Engine Components\DAL;C:\Program Files (x86)\Intel\Intel(R) Management Engine Components\IPT;C:\Program Files (x86)\Lenovo\Motion Control\;C:\Program Files (x86)\Common Files\lenovo\easyplussdk\bin;C:\Program Files (x86)\MySQL\MySQL Fabric 1.5 & MySQL Utilities 1.5\;C:\Program Files (x86)\MySQL\MySQL Fabric 1.5 & MySQL Utilities 1.5\Doctrine extensions for PHP\;C:\Program Files (x86)\NVIDIA Corporation\PhysX\Common;C:\apache-ant-1.9.7\bin;C:\Program Files\Git\cmd;C:\Program Files (x86)\IVI Foundation\VISA\WinNT\Bin;C:\Program Files (x86)\leJOS NXJ\bin;C:\Program Files (x86)\GtkSharp\2.12\bin;C:\Program Files (x86)\Skype\Phone\;C:\Program Files\nodejs\;C:\Users\Nicolai\AppData\Roaming\npm;C:\Users\Nicolai\AppData\Local\atom\bin
281 verbose lifecycle node-dht-sensor@0.0.32~preinstall: CWD: C:\Users\Nicolai\Dokumenter\iotrasp\node_modules\.staging\node-dht-sensor-d180860d
282 silly lifecycle node-dht-sensor@0.0.32~preinstall: Args: [ '/d /s /c', './check-lib.sh' ]
283 silly lifecycle node-dht-sensor@0.0.32~preinstall: Returned: code: 1  signal: null
284 info lifecycle node-dht-sensor@0.0.32~preinstall: Failed to exec preinstall script
285 verbose unlock done using C:\Users\Nicolai\AppData\Roaming\npm-cache\_locks\staging-9369e6097d79b91f.lock for C:\Users\Nicolai\Dokumenter\iotrasp\node_modules\.staging
286 silly rollbackFailedOptional Starting
287 silly rollbackFailedOptional Finishing
288 silly runTopLevelLifecycles Finishing
289 silly install printInstalled
290 warn iotrasp@1.0.0 No description
291 verbose If you need help, you may report this error at:
291 verbose     <https://github.com/npm/npm/issues>
292 verbose stack Error: node-dht-sensor@0.0.32 preinstall: `./check-lib.sh`
292 verbose stack Exit status 1
292 verbose stack     at EventEmitter.<anonymous> (C:\Program Files\nodejs\node_modules\npm\lib\utils\lifecycle.js:255:16)
292 verbose stack     at emitTwo (events.js:106:13)
292 verbose stack     at EventEmitter.emit (events.js:191:7)
292 verbose stack     at ChildProcess.<anonymous> (C:\Program Files\nodejs\node_modules\npm\lib\utils\spawn.js:40:14)
292 verbose stack     at emitTwo (events.js:106:13)
292 verbose stack     at ChildProcess.emit (events.js:191:7)
292 verbose stack     at maybeClose (internal/child_process.js:920:16)
292 verbose stack     at Process.ChildProcess._handle.onexit (internal/child_process.js:230:5)
293 verbose pkgid node-dht-sensor@0.0.32
294 verbose cwd C:\Users\Nicolai\Dokumenter\iotrasp
295 error Windows_NT 6.3.9600
296 error argv "C:\\Program Files\\nodejs\\node.exe" "C:\\Program Files\\nodejs\\node_modules\\npm\\bin\\npm-cli.js" "install" "node-dht-sensor" "--save"
297 error node v6.11.3
298 error npm  v3.10.10
299 error code ELIFECYCLE
300 error node-dht-sensor@0.0.32 preinstall: `./check-lib.sh`
300 error Exit status 1
301 error Failed at the node-dht-sensor@0.0.32 preinstall script './check-lib.sh'.
301 error Make sure you have the latest version of node.js and npm installed.
301 error If you do, this is most likely a problem with the node-dht-sensor package,
301 error not with npm itself.
301 error Tell the author that this fails on your system:
301 error     ./check-lib.sh
301 error You can get information on how to open an issue for this project with:
301 error     npm bugs node-dht-sensor
301 error Or if that isn't available, you can get their info via:
301 error     npm owner ls node-dht-sensor
301 error There is likely additional logging output above.
302 verbose exit [ 1, true ]
